# JRE version: OpenJDK Runtime Environment Temurin-21.0.8+9 (21.0.8+9) (build 21.0.8+9-LTS)
# Java VM: OpenJDK 64-Bit Server VM Temurin-21.0.8+9 (21.0.8+9-LTS, mixed mode, sharing, tiered, compressed oops, compressed class ptrs, parallel gc, windows-amd64)
GC Precious Log:
 CardTable entry size: 512
 CPUs: 16 total, 16 available
 Memory: 7549M
 Large Page Support: Disabled
 NUMA Support: Disabled
 Compressed Oops: Enabled (32-bit)
 Alignments: Space 512K, Generation 512K, Heap 2M
 Heap Min Capacity: 100M
 Heap Initial Capacity: 100M
 Heap Max Capacity: 2G
 Pre-touch: Disabled
 Parallel Workers: 13
Heap:
 PSYoungGen      total 4096K, used 1440K [0x00000000d5580000, 0x00000000d5a80000, 0x0000000100000000)
  eden space 3072K, 30% used [0x00000000d5580000,0x00000000d5666ef0,0x00000000d5880000)
  from space 1024K, 50% used [0x00000000d5880000,0x00000000d5901210,0x00000000d5980000)
  to   space 1024K, 0% used [0x00000000d5980000,0x00000000d5980000,0x00000000d5a80000)
 ParOldGen       total 850432K, used 414159K [0x0000000080000000, 0x00000000b3e80000, 0x00000000d5580000)
  object space 850432K, 48% used [0x0000000080000000,0x0000000099473ec8,0x00000000b3e80000)
 Metaspace       used 83372K, committed 84864K, reserved 1179648K
  class space    used 8376K, committed 9024K, reserved 1048576K
GC Heap History (20 events):
Event: 1642511.826 GC heap before
{Heap before GC invocations=1962 (full 4):
 PSYoungGen      total 4096K, used 3716K [0x00000000d5580000, 0x00000000d5a80000, 0x0000000100000000)
  eden space 3072K, 100% used [0x00000000d5580000,0x00000000d5880000,0x00000000d5880000)
  from space 1024K, 62% used [0x00000000d5880000,0x00000000d5921210,0x00000000d5980000)
  to   space 1024K, 0% used [0x00000000d5980000,0x00000000d5980000,0x00000000d5a80000)
 ParOldGen       total 850432K, used 411754K [0x0000000080000000, 0x00000000b3e80000, 0x00000000d5580000)
  object space 850432K, 48% used [0x0000000080000000,0x000000009921a898,0x00000000b3e80000)
 Metaspace       used 83361K, committed 84864K, reserved 1179648K
  class space    used 8376K, committed 9024K, reserved 1048576K
}
Event: 1642511.829 GC heap after
{Heap after GC invocations=1962 (full 4):
 PSYoungGen      total 4096K, used 628K [0x00000000d5580000, 0x00000000d5a80000, 0x0000000100000000)
  eden space 3072K, 0% used [0x00000000d5580000,0x00000000d5580000,0x00000000d5880000)
  from space 1024K, 61% used [0x00000000d5980000,0x00000000d5a1d200,0x00000000d5a80000)
  to   space 1024K, 0% used [0x00000000d5880000,0x00000000d5880000,0x00000000d5980000)
 ParOldGen       total 850432K, used 412214K [0x0000000080000000, 0x00000000b3e80000, 0x00000000d5580000)
  object space 850432K, 48% used [0x0000000080000000,0x000000009928daa8,0x00000000b3e80000)
 Metaspace       used 83361K, committed 84864K, reserved 1179648K
  class space    used 8376K, committed 9024K, reserved 1048576K
}
Event: 1642511.839 GC heap before
{Heap before GC invocations=1963 (full 4):
 PSYoungGen      total 4096K, used 3700K [0x00000000d5580000, 0x00000000d5a80000, 0x0000000100000000)
  eden space 3072K, 100% used [0x00000000d5580000,0x00000000d5880000,0x00000000d5880000)
  from space 1024K, 61% used [0x00000000d5980000,0x00000000d5a1d200,0x00000000d5a80000)
  to   space 1024K, 0% used [0x00000000d5880000,0x00000000d5880000,0x00000000d5980000)
 ParOldGen       total 850432K, used 412214K [0x0000000080000000, 0x00000000b3e80000, 0x00000000d5580000)
  object space 850432K, 48% used [0x0000000080000000,0x000000009928daa8,0x00000000b3e80000)
 Metaspace       used 83361K, committed 84864K, reserved 1179648K
  class space    used 8376K, committed 9024K, reserved 1048576K
}
Event: 1642511.841 GC heap after
{Heap after GC invocations=1963 (full 4):
 PSYoungGen      total 4096K, used 580K [0x00000000d5580000, 0x00000000d5a80000, 0x0000000100000000)
  eden space 3072K, 0% used [0x00000000d5580000,0x00000000d5580000,0x00000000d5880000)
  from space 1024K, 56% used [0x00000000d5880000,0x00000000d5911210,0x00000000d5980000)
  to   space 1024K, 0% used [0x00000000d5980000,0x00000000d5980000,0x00000000d5a80000)
 ParOldGen       total 850432K, used 412478K [0x0000000080000000, 0x00000000b3e80000, 0x00000000d5580000)
  object space 850432K, 48% used [0x0000000080000000,0x00000000992cfaa8,0x00000000b3e80000)
 Metaspace       used 83361K, committed 84864K, reserved 1179648K
  class space    used 8376K, committed 9024K, reserved 1048576K
}
Event: 1642511.866 GC heap before
{Heap before GC invocations=1964 (full 4):
 PSYoungGen      total 4096K, used 3652K [0x00000000d5580000, 0x00000000d5a80000, 0x0000000100000000)
  eden space 3072K, 100% used [0x00000000d5580000,0x00000000d5880000,0x00000000d5880000)
  from space 1024K, 56% used [0x00000000d5880000,0x00000000d5911210,0x00000000d5980000)
  to   space 1024K, 0% used [0x00000000d5980000,0x00000000d5980000,0x00000000d5a80000)
 ParOldGen       total 850432K, used 412478K [0x0000000080000000, 0x00000000b3e80000, 0x00000000d5580000)
  object space 850432K, 48% used [0x0000000080000000,0x00000000992cfaa8,0x00000000b3e80000)
 Metaspace       used 83361K, committed 84864K, reserved 1179648K
  class space    used 8376K, committed 9024K, reserved 1048576K
}
Event: 1642511.867 GC heap after
{Heap after GC invocations=1964 (full 4):
 PSYoungGen      total 3584K, used 416K [0x00000000d5580000, 0x00000000d5a00000, 0x0000000100000000)
  eden space 3072K, 0% used [0x00000000d5580000,0x00000000d5580000,0x00000000d5880000)
  from space 512K, 81% used [0x00000000d5980000,0x00000000d59e8000,0x00000000d5a00000)
  to   space 512K, 0% used [0x00000000d5900000,0x00000000d5900000,0x00000000d5980000)
 ParOldGen       total 850432K, used 412486K [0x0000000080000000, 0x00000000b3e80000, 0x00000000d5580000)
  object space 850432K, 48% used [0x0000000080000000,0x00000000992d1aa8,0x00000000b3e80000)
 Metaspace       used 83361K, committed 84864K, reserved 1179648K
  class space    used 8376K, committed 9024K, reserved 1048576K
}
Event: 1642513.168 GC heap before
{Heap before GC invocations=1965 (full 4):
 PSYoungGen      total 3584K, used 3488K [0x00000000d5580000, 0x00000000d5a00000, 0x0000000100000000)
  eden space 3072K, 100% used [0x00000000d5580000,0x00000000d5880000,0x00000000d5880000)
  from space 512K, 81% used [0x00000000d5980000,0x00000000d59e8000,0x00000000d5a00000)
  to   space 512K, 0% used [0x00000000d5900000,0x00000000d5900000,0x00000000d5980000)
 ParOldGen       total 850432K, used 412486K [0x0000000080000000, 0x00000000b3e80000, 0x00000000d5580000)
  object space 850432K, 48% used [0x0000000080000000,0x00000000992d1aa8,0x00000000b3e80000)
 Metaspace       used 83361K, committed 84864K, reserved 1179648K
  class space    used 8376K, committed 9024K, reserved 1048576K
}
Event: 1642513.169 GC heap after
{Heap after GC invocations=1965 (full 4):
 PSYoungGen      total 3584K, used 416K [0x00000000d5580000, 0x00000000d5a00000, 0x0000000100000000)
  eden space 3072K, 0% used [0x00000000d5580000,0x00000000d5580000,0x00000000d5880000)
  from space 512K, 81% used [0x00000000d5900000,0x00000000d5968000,0x00000000d5980000)
  to   space 512K, 0% used [0x00000000d5980000,0x00000000d5980000,0x00000000d5a00000)
 ParOldGen       total 850432K, used 412518K [0x0000000080000000, 0x00000000b3e80000, 0x00000000d5580000)
  object space 850432K, 48% used [0x0000000080000000,0x00000000992d9aa8,0x00000000b3e80000)
 Metaspace       used 83361K, committed 84864K, reserved 1179648K
  class space    used 8376K, committed 9024K, reserved 1048576K
}
Event: 1642513.179 GC heap before
{Heap before GC invocations=1966 (full 4):
 PSYoungGen      total 3584K, used 3488K [0x00000000d5580000, 0x00000000d5a00000, 0x0000000100000000)
  eden space 3072K, 100% used [0x00000000d5580000,0x00000000d5880000,0x00000000d5880000)
  from space 512K, 81% used [0x00000000d5900000,0x00000000d5968000,0x00000000d5980000)
  to   space 512K, 0% used [0x00000000d5980000,0x00000000d5980000,0x00000000d5a00000)
 ParOldGen       total 850432K, used 412518K [0x0000000080000000, 0x00000000b3e80000, 0x00000000d5580000)
  object space 850432K, 48% used [0x0000000080000000,0x00000000992d9aa8,0x00000000b3e80000)
 Metaspace       used 83364K, committed 84864K, reserved 1179648K
  class space    used 8376K, committed 9024K, reserved 1048576K
}
Event: 1642513.181 GC heap after
{Heap after GC invocations=1966 (full 4):
 PSYoungGen      total 3584K, used 506K [0x00000000d5580000, 0x00000000d5a80000, 0x0000000100000000)
  eden space 3072K, 0% used [0x00000000d5580000,0x00000000d5580000,0x00000000d5880000)
  from space 512K, 98% used [0x00000000d5980000,0x00000000d59fe900,0x00000000d5a00000)
  to   space 1024K, 0% used [0x00000000d5880000,0x00000000d5880000,0x00000000d5980000)
 ParOldGen       total 850432K, used 412678K [0x0000000080000000, 0x00000000b3e80000, 0x00000000d5580000)
  object space 850432K, 48% used [0x0000000080000000,0x0000000099301ab8,0x00000000b3e80000)
 Metaspace       used 83364K, committed 84864K, reserved 1179648K
  class space    used 8376K, committed 9024K, reserved 1048576K
}
Event: 1642513.192 GC heap before
{Heap before GC invocations=1967 (full 4):
 PSYoungGen      total 3584K, used 3578K [0x00000000d5580000, 0x00000000d5a80000, 0x0000000100000000)
  eden space 3072K, 100% used [0x00000000d5580000,0x00000000d5880000,0x00000000d5880000)
  from space 512K, 98% used [0x00000000d5980000,0x00000000d59fe900,0x00000000d5a00000)
  to   space 1024K, 0% used [0x00000000d5880000,0x00000000d5880000,0x00000000d5980000)
 ParOldGen       total 850432K, used 412678K [0x0000000080000000, 0x00000000b3e80000, 0x00000000d5580000)
  object space 850432K, 48% used [0x0000000080000000,0x0000000099301ab8,0x00000000b3e80000)
 Metaspace       used 83364K, committed 84864K, reserved 1179648K
  class space    used 8376K, committed 9024K, reserved 1048576K
}
Event: 1642513.194 GC heap after
{Heap after GC invocations=1967 (full 4):
 PSYoungGen      total 4096K, used 288K [0x00000000d5580000, 0x00000000d5a00000, 0x0000000100000000)
  eden space 3072K, 0% used [0x00000000d5580000,0x00000000d5580000,0x00000000d5880000)
  from space 1024K, 28% used [0x00000000d5880000,0x00000000d58c8000,0x00000000d5980000)
  to   space 512K, 0% used [0x00000000d5980000,0x00000000d5980000,0x00000000d5a00000)
 ParOldGen       total 850432K, used 413211K [0x0000000080000000, 0x00000000b3e80000, 0x00000000d5580000)
  object space 850432K, 48% used [0x0000000080000000,0x0000000099386cb8,0x00000000b3e80000)
 Metaspace       used 83364K, committed 84864K, reserved 1179648K
  class space    used 8376K, committed 9024K, reserved 1048576K
}
Event: 1642513.203 GC heap before
{Heap before GC invocations=1968 (full 4):
 PSYoungGen      total 4096K, used 3360K [0x00000000d5580000, 0x00000000d5a00000, 0x0000000100000000)
  eden space 3072K, 100% used [0x00000000d5580000,0x00000000d5880000,0x00000000d5880000)
  from space 1024K, 28% used [0x00000000d5880000,0x00000000d58c8000,0x00000000d5980000)
  to   space 512K, 0% used [0x00000000d5980000,0x00000000d5980000,0x00000000d5a00000)
 ParOldGen       total 850432K, used 413211K [0x0000000080000000, 0x00000000b3e80000, 0x00000000d5580000)
  object space 850432K, 48% used [0x0000000080000000,0x0000000099386cb8,0x00000000b3e80000)
 Metaspace       used 83370K, committed 84864K, reserved 1179648K
  class space    used 8376K, committed 9024K, reserved 1048576K
}
Event: 1642513.205 GC heap after
{Heap after GC invocations=1968 (full 4):
 PSYoungGen      total 3584K, used 506K [0x00000000d5580000, 0x00000000d5a80000, 0x0000000100000000)
  eden space 3072K, 0% used [0x00000000d5580000,0x00000000d5580000,0x00000000d5880000)
  from space 512K, 98% used [0x00000000d5980000,0x00000000d59fe900,0x00000000d5a00000)
  to   space 1024K, 0% used [0x00000000d5880000,0x00000000d5880000,0x00000000d5980000)
 ParOldGen       total 850432K, used 413427K [0x0000000080000000, 0x00000000b3e80000, 0x00000000d5580000)
  object space 850432K, 48% used [0x0000000080000000,0x00000000993bccc8,0x00000000b3e80000)
 Metaspace       used 83370K, committed 84864K, reserved 1179648K
  class space    used 8376K, committed 9024K, reserved 1048576K
}
Event: 1642513.436 GC heap before
{Heap before GC invocations=1969 (full 4):
 PSYoungGen      total 3584K, used 3578K [0x00000000d5580000, 0x00000000d5a80000, 0x0000000100000000)
  eden space 3072K, 100% used [0x00000000d5580000,0x00000000d5880000,0x00000000d5880000)
  from space 512K, 98% used [0x00000000d5980000,0x00000000d59fe900,0x00000000d5a00000)
  to   space 1024K, 0% used [0x00000000d5880000,0x00000000d5880000,0x00000000d5980000)
 ParOldGen       total 850432K, used 413427K [0x0000000080000000, 0x00000000b3e80000, 0x00000000d5580000)
  object space 850432K, 48% used [0x0000000080000000,0x00000000993bccc8,0x00000000b3e80000)
 Metaspace       used 83370K, committed 84864K, reserved 1179648K
  class space    used 8376K, committed 9024K, reserved 1048576K
}
Event: 1642513.438 GC heap after
{Heap after GC invocations=1969 (full 4):
 PSYoungGen      total 4096K, used 644K [0x00000000d5580000, 0x00000000d5a80000, 0x0000000100000000)
  eden space 3072K, 0% used [0x00000000d5580000,0x00000000d5580000,0x00000000d5880000)
  from space 1024K, 62% used [0x00000000d5880000,0x00000000d5921210,0x00000000d5980000)
  to   space 1024K, 0% used [0x00000000d5980000,0x00000000d5980000,0x00000000d5a80000)
 ParOldGen       total 850432K, used 413959K [0x0000000080000000, 0x00000000b3e80000, 0x00000000d5580000)
  object space 850432K, 48% used [0x0000000080000000,0x0000000099441ec8,0x00000000b3e80000)
 Metaspace       used 83370K, committed 84864K, reserved 1179648K
  class space    used 8376K, committed 9024K, reserved 1048576K
}
Event: 1642513.636 GC heap before
{Heap before GC invocations=1970 (full 4):
 PSYoungGen      total 4096K, used 3716K [0x00000000d5580000, 0x00000000d5a80000, 0x0000000100000000)
  eden space 3072K, 100% used [0x00000000d5580000,0x00000000d5880000,0x00000000d5880000)
  from space 1024K, 62% used [0x00000000d5880000,0x00000000d5921210,0x00000000d5980000)
  to   space 1024K, 0% used [0x00000000d5980000,0x00000000d5980000,0x00000000d5a80000)
 ParOldGen       total 850432K, used 413959K [0x0000000080000000, 0x00000000b3e80000, 0x00000000d5580000)
  object space 850432K, 48% used [0x0000000080000000,0x0000000099441ec8,0x00000000b3e80000)
 Metaspace       used 83371K, committed 84864K, reserved 1179648K
  class space    used 8376K, committed 9024K, reserved 1048576K
}
Event: 1642513.638 GC heap after
{Heap after GC invocations=1970 (full 4):
 PSYoungGen      total 4096K, used 468K [0x00000000d5580000, 0x00000000d5a80000, 0x0000000100000000)
  eden space 3072K, 0% used [0x00000000d5580000,0x00000000d5580000,0x00000000d5880000)
  from space 1024K, 45% used [0x00000000d5980000,0x00000000d59f5200,0x00000000d5a80000)
  to   space 1024K, 0% used [0x00000000d5880000,0x00000000d5880000,0x00000000d5980000)
 ParOldGen       total 850432K, used 414055K [0x0000000080000000, 0x00000000b3e80000, 0x00000000d5580000)
  object space 850432K, 48% used [0x0000000080000000,0x0000000099459ec8,0x00000000b3e80000)
 Metaspace       used 83371K, committed 84864K, reserved 1179648K
  class space    used 8376K, committed 9024K, reserved 1048576K
}
Event: 1642513.645 GC heap before
{Heap before GC invocations=1971 (full 4):
 PSYoungGen      total 4096K, used 3540K [0x00000000d5580000, 0x00000000d5a80000, 0x0000000100000000)
  eden space 3072K, 99% used [0x00000000d5580000,0x00000000d587fff8,0x00000000d5880000)
  from space 1024K, 45% used [0x00000000d5980000,0x00000000d59f5200,0x00000000d5a80000)
  to   space 1024K, 0% used [0x00000000d5880000,0x00000000d5880000,0x00000000d5980000)
 ParOldGen       total 850432K, used 414055K [0x0000000080000000, 0x00000000b3e80000, 0x00000000d5580000)
  object space 850432K, 48% used [0x0000000080000000,0x0000000099459ec8,0x00000000b3e80000)
 Metaspace       used 83371K, committed 84864K, reserved 1179648K
  class space    used 8376K, committed 9024K, reserved 1048576K
}
Event: 1642513.646 GC heap after
{Heap after GC invocations=1971 (full 4):
 PSYoungGen      total 4096K, used 516K [0x00000000d5580000, 0x00000000d5a80000, 0x0000000100000000)
  eden space 3072K, 0% used [0x00000000d5580000,0x00000000d5580000,0x00000000d5880000)
  from space 1024K, 50% used [0x00000000d5880000,0x00000000d5901210,0x00000000d5980000)
  to   space 1024K, 0% used [0x00000000d5980000,0x00000000d5980000,0x00000000d5a80000)
 ParOldGen       total 850432K, used 414159K [0x0000000080000000, 0x00000000b3e80000, 0x00000000d5580000)
  object space 850432K, 48% used [0x0000000080000000,0x0000000099473ec8,0x00000000b3e80000)
 Metaspace       used 83371K, committed 84864K, reserved 1179648K
  class space    used 8376K, committed 9024K, reserved 1048576K
}

