# JRE version: OpenJDK Runtime Environment Temurin-21.0.8+9 (21.0.8+9) (build 21.0.8+9-LTS)
# Java VM: OpenJDK 64-Bit Server VM Temurin-21.0.8+9 (21.0.8+9-LTS, mixed mode, sharing, tiered, compressed oops, compressed class ptrs, parallel gc, windows-amd64)
GC Precious Log:
 CardTable entry size: 512
 CPUs: 16 total, 16 available
 Memory: 7549M
 Large Page Support: Disabled
 NUMA Support: Disabled
 Compressed Oops: Enabled (32-bit)
 Alignments: Space 512K, Generation 512K, Heap 2M
 Heap Min Capacity: 100M
 Heap Initial Capacity: 100M
 Heap Max Capacity: 2G
 Pre-touch: Disabled
 Parallel Workers: 13
Heap:
 PSYoungGen      total 15872K, used 12394K [0x00000000d5580000, 0x00000000d6780000, 0x0000000100000000)
  eden space 14848K, 83% used [0x00000000d5580000,0x00000000d619aa50,0x00000000d6400000)
  from space 1024K, 0% used [0x00000000d6400000,0x00000000d6400000,0x00000000d6500000)
  to   space 1536K, 0% used [0x00000000d6600000,0x00000000d6600000,0x00000000d6780000)
 ParOldGen       total 69632K, used 50800K [0x0000000080000000, 0x0000000084400000, 0x00000000d5580000)
  object space 69632K, 72% used [0x0000000080000000,0x000000008319c068,0x0000000084400000)
 Metaspace       used 59175K, committed 60480K, reserved 1114112K
  class space    used 6235K, committed 6784K, reserved 1048576K
GC Heap History (20 events):
Event: 11.044 GC heap before
{Heap before GC invocations=45 (full 2):
 PSYoungGen      total 18944K, used 18351K [0x00000000d5580000, 0x00000000d6a00000, 0x0000000100000000)
  eden space 16896K, 100% used [0x00000000d5580000,0x00000000d6600000,0x00000000d6600000)
  from space 2048K, 71% used [0x00000000d6800000,0x00000000d696bc80,0x00000000d6a00000)
  to   space 2048K, 0% used [0x00000000d6600000,0x00000000d6600000,0x00000000d6800000)
 ParOldGen       total 68608K, used 58470K [0x0000000080000000, 0x0000000084300000, 0x00000000d5580000)
  object space 68608K, 85% used [0x0000000080000000,0x0000000083919898,0x0000000084300000)
 Metaspace       used 57027K, committed 58304K, reserved 1114112K
  class space    used 6059K, committed 6592K, reserved 1048576K
}
Event: 11.047 GC heap after
{Heap after GC invocations=45 (full 2):
 PSYoungGen      total 17920K, used 813K [0x00000000d5580000, 0x00000000d6900000, 0x0000000100000000)
  eden space 16896K, 0% used [0x00000000d5580000,0x00000000d5580000,0x00000000d6600000)
  from space 1024K, 79% used [0x00000000d6600000,0x00000000d66cb778,0x00000000d6700000)
  to   space 1536K, 0% used [0x00000000d6780000,0x00000000d6780000,0x00000000d6900000)
 ParOldGen       total 68608K, used 59254K [0x0000000080000000, 0x0000000084300000, 0x00000000d5580000)
  object space 68608K, 86% used [0x0000000080000000,0x00000000839dd898,0x0000000084300000)
 Metaspace       used 57027K, committed 58304K, reserved 1114112K
  class space    used 6059K, committed 6592K, reserved 1048576K
}
Event: 12.122 GC heap before
{Heap before GC invocations=46 (full 2):
 PSYoungGen      total 17920K, used 17709K [0x00000000d5580000, 0x00000000d6900000, 0x0000000100000000)
  eden space 16896K, 100% used [0x00000000d5580000,0x00000000d6600000,0x00000000d6600000)
  from space 1024K, 79% used [0x00000000d6600000,0x00000000d66cb778,0x00000000d6700000)
  to   space 1536K, 0% used [0x00000000d6780000,0x00000000d6780000,0x00000000d6900000)
 ParOldGen       total 68608K, used 59254K [0x0000000080000000, 0x0000000084300000, 0x00000000d5580000)
  object space 68608K, 86% used [0x0000000080000000,0x00000000839dd898,0x0000000084300000)
 Metaspace       used 57046K, committed 58304K, reserved 1114112K
  class space    used 6059K, committed 6592K, reserved 1048576K
}
Event: 12.124 GC heap after
{Heap after GC invocations=46 (full 2):
 PSYoungGen      total 17920K, used 849K [0x00000000d5580000, 0x00000000d6880000, 0x0000000100000000)
  eden space 16896K, 0% used [0x00000000d5580000,0x00000000d5580000,0x00000000d6600000)
  from space 1024K, 82% used [0x00000000d6780000,0x00000000d6854770,0x00000000d6880000)
  to   space 1024K, 0% used [0x00000000d6600000,0x00000000d6600000,0x00000000d6700000)
 ParOldGen       total 68608K, used 59989K [0x0000000080000000, 0x0000000084300000, 0x00000000d5580000)
  object space 68608K, 87% used [0x0000000080000000,0x0000000083a95408,0x0000000084300000)
 Metaspace       used 57046K, committed 58304K, reserved 1114112K
  class space    used 6059K, committed 6592K, reserved 1048576K
}
Event: 12.220 GC heap before
{Heap before GC invocations=47 (full 2):
 PSYoungGen      total 17920K, used 17745K [0x00000000d5580000, 0x00000000d6880000, 0x0000000100000000)
  eden space 16896K, 100% used [0x00000000d5580000,0x00000000d6600000,0x00000000d6600000)
  from space 1024K, 82% used [0x00000000d6780000,0x00000000d6854770,0x00000000d6880000)
  to   space 1024K, 0% used [0x00000000d6600000,0x00000000d6600000,0x00000000d6700000)
 ParOldGen       total 68608K, used 59989K [0x0000000080000000, 0x0000000084300000, 0x00000000d5580000)
  object space 68608K, 87% used [0x0000000080000000,0x0000000083a95408,0x0000000084300000)
 Metaspace       used 57078K, committed 58304K, reserved 1114112K
  class space    used 6064K, committed 6592K, reserved 1048576K
}
Event: 12.221 GC heap after
{Heap after GC invocations=47 (full 2):
 PSYoungGen      total 17920K, used 1011K [0x00000000d5580000, 0x00000000d6a00000, 0x0000000100000000)
  eden space 16896K, 0% used [0x00000000d5580000,0x00000000d5580000,0x00000000d6600000)
  from space 1024K, 98% used [0x00000000d6600000,0x00000000d66fcc80,0x00000000d6700000)
  to   space 2048K, 0% used [0x00000000d6800000,0x00000000d6800000,0x00000000d6a00000)
 ParOldGen       total 68608K, used 60584K [0x0000000080000000, 0x0000000084300000, 0x00000000d5580000)
  object space 68608K, 88% used [0x0000000080000000,0x0000000083b2a1c0,0x0000000084300000)
 Metaspace       used 57078K, committed 58304K, reserved 1114112K
  class space    used 6064K, committed 6592K, reserved 1048576K
}
Event: 12.338 GC heap before
{Heap before GC invocations=48 (full 2):
 PSYoungGen      total 17920K, used 17907K [0x00000000d5580000, 0x00000000d6a00000, 0x0000000100000000)
  eden space 16896K, 100% used [0x00000000d5580000,0x00000000d6600000,0x00000000d6600000)
  from space 1024K, 98% used [0x00000000d6600000,0x00000000d66fcc80,0x00000000d6700000)
  to   space 2048K, 0% used [0x00000000d6800000,0x00000000d6800000,0x00000000d6a00000)
 ParOldGen       total 68608K, used 60584K [0x0000000080000000, 0x0000000084300000, 0x00000000d5580000)
  object space 68608K, 88% used [0x0000000080000000,0x0000000083b2a1c0,0x0000000084300000)
 Metaspace       used 57364K, committed 58624K, reserved 1114112K
  class space    used 6093K, committed 6656K, reserved 1048576K
}
Event: 12.342 GC heap after
{Heap after GC invocations=48 (full 2):
 PSYoungGen      total 17408K, used 2043K [0x00000000d5580000, 0x00000000d6d00000, 0x0000000100000000)
  eden space 15360K, 0% used [0x00000000d5580000,0x00000000d5580000,0x00000000d6480000)
  from space 2048K, 99% used [0x00000000d6800000,0x00000000d69fefb0,0x00000000d6a00000)
  to   space 3584K, 0% used [0x00000000d6480000,0x00000000d6480000,0x00000000d6800000)
 ParOldGen       total 68608K, used 61728K [0x0000000080000000, 0x0000000084300000, 0x00000000d5580000)
  object space 68608K, 89% used [0x0000000080000000,0x0000000083c482a0,0x0000000084300000)
 Metaspace       used 57364K, committed 58624K, reserved 1114112K
  class space    used 6093K, committed 6656K, reserved 1048576K
}
Event: 12.764 GC heap before
{Heap before GC invocations=49 (full 2):
 PSYoungGen      total 17408K, used 17403K [0x00000000d5580000, 0x00000000d6d00000, 0x0000000100000000)
  eden space 15360K, 100% used [0x00000000d5580000,0x00000000d6480000,0x00000000d6480000)
  from space 2048K, 99% used [0x00000000d6800000,0x00000000d69fefb0,0x00000000d6a00000)
  to   space 3584K, 0% used [0x00000000d6480000,0x00000000d6480000,0x00000000d6800000)
 ParOldGen       total 68608K, used 61728K [0x0000000080000000, 0x0000000084300000, 0x00000000d5580000)
  object space 68608K, 89% used [0x0000000080000000,0x0000000083c482a0,0x0000000084300000)
 Metaspace       used 58396K, committed 59648K, reserved 1114112K
  class space    used 6188K, committed 6720K, reserved 1048576K
}
Event: 12.767 GC heap after
{Heap after GC invocations=49 (full 2):
 PSYoungGen      total 17920K, used 2176K [0x00000000d5580000, 0x00000000d6980000, 0x0000000100000000)
  eden space 15360K, 0% used [0x00000000d5580000,0x00000000d5580000,0x00000000d6480000)
  from space 2560K, 85% used [0x00000000d6480000,0x00000000d66a0000,0x00000000d6700000)
  to   space 2560K, 0% used [0x00000000d6700000,0x00000000d6700000,0x00000000d6980000)
 ParOldGen       total 68608K, used 63696K [0x0000000080000000, 0x0000000084300000, 0x00000000d5580000)
  object space 68608K, 92% used [0x0000000080000000,0x0000000083e342a0,0x0000000084300000)
 Metaspace       used 58396K, committed 59648K, reserved 1114112K
  class space    used 6188K, committed 6720K, reserved 1048576K
}
Event: 13.108 GC heap before
{Heap before GC invocations=50 (full 2):
 PSYoungGen      total 17920K, used 17536K [0x00000000d5580000, 0x00000000d6980000, 0x0000000100000000)
  eden space 15360K, 100% used [0x00000000d5580000,0x00000000d6480000,0x00000000d6480000)
  from space 2560K, 85% used [0x00000000d6480000,0x00000000d66a0000,0x00000000d6700000)
  to   space 2560K, 0% used [0x00000000d6700000,0x00000000d6700000,0x00000000d6980000)
 ParOldGen       total 68608K, used 63696K [0x0000000080000000, 0x0000000084300000, 0x00000000d5580000)
  object space 68608K, 92% used [0x0000000080000000,0x0000000083e342a0,0x0000000084300000)
 Metaspace       used 58515K, committed 59776K, reserved 1114112K
  class space    used 6190K, committed 6720K, reserved 1048576K
}
Event: 13.110 GC heap after
{Heap after GC invocations=50 (full 2):
 PSYoungGen      total 17408K, used 1696K [0x00000000d5580000, 0x00000000d6900000, 0x0000000100000000)
  eden space 15360K, 0% used [0x00000000d5580000,0x00000000d5580000,0x00000000d6480000)
  from space 2048K, 82% used [0x00000000d6700000,0x00000000d68a8000,0x00000000d6900000)
  to   space 2048K, 0% used [0x00000000d6500000,0x00000000d6500000,0x00000000d6700000)
 ParOldGen       total 68608K, used 65612K [0x0000000080000000, 0x0000000084300000, 0x00000000d5580000)
  object space 68608K, 95% used [0x0000000080000000,0x0000000084013300,0x0000000084300000)
 Metaspace       used 58515K, committed 59776K, reserved 1114112K
  class space    used 6190K, committed 6720K, reserved 1048576K
}
Event: 13.356 GC heap before
{Heap before GC invocations=51 (full 2):
 PSYoungGen      total 17408K, used 17056K [0x00000000d5580000, 0x00000000d6900000, 0x0000000100000000)
  eden space 15360K, 100% used [0x00000000d5580000,0x00000000d6480000,0x00000000d6480000)
  from space 2048K, 82% used [0x00000000d6700000,0x00000000d68a8000,0x00000000d6900000)
  to   space 2048K, 0% used [0x00000000d6500000,0x00000000d6500000,0x00000000d6700000)
 ParOldGen       total 68608K, used 65612K [0x0000000080000000, 0x0000000084300000, 0x00000000d5580000)
  object space 68608K, 95% used [0x0000000080000000,0x0000000084013300,0x0000000084300000)
 Metaspace       used 58681K, committed 59904K, reserved 1114112K
  class space    used 6190K, committed 6720K, reserved 1048576K
}
Event: 13.360 GC heap after
{Heap after GC invocations=51 (full 2):
 PSYoungGen      total 16896K, used 1280K [0x00000000d5580000, 0x00000000d6780000, 0x0000000100000000)
  eden space 15360K, 0% used [0x00000000d5580000,0x00000000d5580000,0x00000000d6480000)
  from space 1536K, 83% used [0x00000000d6500000,0x00000000d6640000,0x00000000d6680000)
  to   space 1024K, 0% used [0x00000000d6680000,0x00000000d6680000,0x00000000d6780000)
 ParOldGen       total 68608K, used 67017K [0x0000000080000000, 0x0000000084300000, 0x00000000d5580000)
  object space 68608K, 97% used [0x0000000080000000,0x0000000084172540,0x0000000084300000)
 Metaspace       used 58681K, committed 59904K, reserved 1114112K
  class space    used 6190K, committed 6720K, reserved 1048576K
}
Event: 13.577 GC heap before
{Heap before GC invocations=52 (full 2):
 PSYoungGen      total 16896K, used 16640K [0x00000000d5580000, 0x00000000d6780000, 0x0000000100000000)
  eden space 15360K, 100% used [0x00000000d5580000,0x00000000d6480000,0x00000000d6480000)
  from space 1536K, 83% used [0x00000000d6500000,0x00000000d6640000,0x00000000d6680000)
  to   space 1024K, 0% used [0x00000000d6680000,0x00000000d6680000,0x00000000d6780000)
 ParOldGen       total 68608K, used 67017K [0x0000000080000000, 0x0000000084300000, 0x00000000d5580000)
  object space 68608K, 97% used [0x0000000080000000,0x0000000084172540,0x0000000084300000)
 Metaspace       used 58983K, committed 60288K, reserved 1114112K
  class space    used 6222K, committed 6784K, reserved 1048576K
}
Event: 13.579 GC heap after
{Heap after GC invocations=52 (full 2):
 PSYoungGen      total 15872K, used 1024K [0x00000000d5580000, 0x00000000d6980000, 0x0000000100000000)
  eden space 14848K, 0% used [0x00000000d5580000,0x00000000d5580000,0x00000000d6400000)
  from space 1024K, 100% used [0x00000000d6680000,0x00000000d6780000,0x00000000d6780000)
  to   space 2560K, 0% used [0x00000000d6400000,0x00000000d6400000,0x00000000d6680000)
 ParOldGen       total 68608K, used 68115K [0x0000000080000000, 0x0000000084300000, 0x00000000d5580000)
  object space 68608K, 99% used [0x0000000080000000,0x0000000084284ce8,0x0000000084300000)
 Metaspace       used 58983K, committed 60288K, reserved 1114112K
  class space    used 6222K, committed 6784K, reserved 1048576K
}
Event: 13.587 GC heap before
{Heap before GC invocations=53 (full 2):
 PSYoungGen      total 15872K, used 2699K [0x00000000d5580000, 0x00000000d6980000, 0x0000000100000000)
  eden space 14848K, 11% used [0x00000000d5580000,0x00000000d5722c20,0x00000000d6400000)
  from space 1024K, 100% used [0x00000000d6680000,0x00000000d6780000,0x00000000d6780000)
  to   space 2560K, 0% used [0x00000000d6400000,0x00000000d6400000,0x00000000d6680000)
 ParOldGen       total 68608K, used 68115K [0x0000000080000000, 0x0000000084300000, 0x00000000d5580000)
  object space 68608K, 99% used [0x0000000080000000,0x0000000084284ce8,0x0000000084300000)
 Metaspace       used 59049K, committed 60288K, reserved 1114112K
  class space    used 6223K, committed 6784K, reserved 1048576K
}
Event: 13.588 GC heap after
{Heap after GC invocations=53 (full 2):
 PSYoungGen      total 15872K, used 998K [0x00000000d5580000, 0x00000000d6780000, 0x0000000100000000)
  eden space 14848K, 0% used [0x00000000d5580000,0x00000000d5580000,0x00000000d6400000)
  from space 1024K, 97% used [0x00000000d6400000,0x00000000d64f9a50,0x00000000d6500000)
  to   space 1536K, 0% used [0x00000000d6600000,0x00000000d6600000,0x00000000d6780000)
 ParOldGen       total 69632K, used 69200K [0x0000000080000000, 0x0000000084400000, 0x00000000d5580000)
  object space 69632K, 99% used [0x0000000080000000,0x0000000084394190,0x0000000084400000)
 Metaspace       used 59049K, committed 60288K, reserved 1114112K
  class space    used 6223K, committed 6784K, reserved 1048576K
}
Event: 13.589 GC heap before
{Heap before GC invocations=54 (full 3):
 PSYoungGen      total 15872K, used 998K [0x00000000d5580000, 0x00000000d6780000, 0x0000000100000000)
  eden space 14848K, 0% used [0x00000000d5580000,0x00000000d5580000,0x00000000d6400000)
  from space 1024K, 97% used [0x00000000d6400000,0x00000000d64f9a50,0x00000000d6500000)
  to   space 1536K, 0% used [0x00000000d6600000,0x00000000d6600000,0x00000000d6780000)
 ParOldGen       total 69632K, used 69200K [0x0000000080000000, 0x0000000084400000, 0x00000000d5580000)
  object space 69632K, 99% used [0x0000000080000000,0x0000000084394190,0x0000000084400000)
 Metaspace       used 59049K, committed 60288K, reserved 1114112K
  class space    used 6223K, committed 6784K, reserved 1048576K
}
Event: 13.684 GC heap after
{Heap after GC invocations=54 (full 3):
 PSYoungGen      total 15872K, used 0K [0x00000000d5580000, 0x00000000d6780000, 0x0000000100000000)
  eden space 14848K, 0% used [0x00000000d5580000,0x00000000d5580000,0x00000000d6400000)
  from space 1024K, 0% used [0x00000000d6400000,0x00000000d6400000,0x00000000d6500000)
  to   space 1536K, 0% used [0x00000000d6600000,0x00000000d6600000,0x00000000d6780000)
 ParOldGen       total 69632K, used 50800K [0x0000000080000000, 0x0000000084400000, 0x00000000d5580000)
  object space 69632K, 72% used [0x0000000080000000,0x000000008319c068,0x0000000084400000)
 Metaspace       used 59042K, committed 60288K, reserved 1114112K
  class space    used 6221K, committed 6784K, reserved 1048576K
}

