# JRE version: OpenJDK Runtime Environment Temurin-21.0.8+9 (21.0.8+9) (build 21.0.8+9-LTS)
# Java VM: OpenJDK 64-Bit Server VM Temurin-21.0.8+9 (21.0.8+9-LTS, mixed mode, sharing, tiered, compressed oops, compressed class ptrs, parallel gc, windows-amd64)
GC Precious Log:
 CardTable entry size: 512
 CPUs: 16 total, 16 available
 Memory: 7549M
 Large Page Support: Disabled
 NUMA Support: Disabled
 Compressed Oops: Enabled (32-bit)
 Alignments: Space 512K, Generation 512K, Heap 2M
 Heap Min Capacity: 100M
 Heap Initial Capacity: 100M
 Heap Max Capacity: 2G
 Pre-touch: Disabled
 Parallel Workers: 13
Heap:
 PSYoungGen      total 4096K, used 2350K [0x00000000d5580000, 0x00000000d5c80000, 0x0000000100000000)
  eden space 3584K, 53% used [0x00000000d5580000,0x00000000d575b8a0,0x00000000d5900000)
  from space 512K, 87% used [0x00000000d5b80000,0x00000000d5bf0000,0x00000000d5c00000)
  to   space 512K, 0% used [0x00000000d5c00000,0x00000000d5c00000,0x00000000d5c80000)
 ParOldGen       total 876544K, used 876249K [0x0000000080000000, 0x00000000b5800000, 0x00000000d5580000)
  object space 876544K, 99% used [0x0000000080000000,0x00000000b57b6668,0x00000000b5800000)
 Metaspace       used 95989K, committed 97536K, reserved 1179648K
  class space    used 9410K, committed 10176K, reserved 1048576K
GC Heap History (20 events):
Event: 114726.965 GC heap before
{Heap before GC invocations=6983 (full 17):
 PSYoungGen      total 5120K, used 4863K [0x00000000d5580000, 0x00000000d5e80000, 0x0000000100000000)
  eden space 3584K, 99% used [0x00000000d5580000,0x00000000d58fffe0,0x00000000d5900000)
  from space 1536K, 83% used [0x00000000d5a00000,0x00000000d5b40000,0x00000000d5b80000)
  to   space 2048K, 0% used [0x00000000d5c80000,0x00000000d5c80000,0x00000000d5e80000)
 ParOldGen       total 873984K, used 873833K [0x0000000080000000, 0x00000000b5580000, 0x00000000d5580000)
  object space 873984K, 99% used [0x0000000080000000,0x00000000b555a658,0x00000000b5580000)
 Metaspace       used 95982K, committed 97536K, reserved 1179648K
  class space    used 9410K, committed 10176K, reserved 1048576K
}
Event: 114726.969 GC heap after
{Heap after GC invocations=6983 (full 17):
 PSYoungGen      total 5120K, used 1316K [0x00000000d5580000, 0x00000000d5e00000, 0x0000000100000000)
  eden space 3584K, 0% used [0x00000000d5580000,0x00000000d5580000,0x00000000d5900000)
  from space 1536K, 85% used [0x00000000d5c80000,0x00000000d5dc9210,0x00000000d5e00000)
  to   space 1536K, 0% used [0x00000000d5a00000,0x00000000d5a00000,0x00000000d5b80000)
 ParOldGen       total 875008K, used 874985K [0x0000000080000000, 0x00000000b5680000, 0x00000000d5580000)
  object space 875008K, 99% used [0x0000000080000000,0x00000000b567a668,0x00000000b5680000)
 Metaspace       used 95982K, committed 97536K, reserved 1179648K
  class space    used 9410K, committed 10176K, reserved 1048576K
}
Event: 114726.993 GC heap before
{Heap before GC invocations=6984 (full 17):
 PSYoungGen      total 5120K, used 4900K [0x00000000d5580000, 0x00000000d5e00000, 0x0000000100000000)
  eden space 3584K, 100% used [0x00000000d5580000,0x00000000d5900000,0x00000000d5900000)
  from space 1536K, 85% used [0x00000000d5c80000,0x00000000d5dc9210,0x00000000d5e00000)
  to   space 1536K, 0% used [0x00000000d5a00000,0x00000000d5a00000,0x00000000d5b80000)
 ParOldGen       total 875008K, used 874985K [0x0000000080000000, 0x00000000b5680000, 0x00000000d5580000)
  object space 875008K, 99% used [0x0000000080000000,0x00000000b567a668,0x00000000b5680000)
 Metaspace       used 95982K, committed 97536K, reserved 1179648K
  class space    used 9410K, committed 10176K, reserved 1048576K
}
Event: 114726.996 GC heap after
{Heap after GC invocations=6984 (full 17):
 PSYoungGen      total 5120K, used 740K [0x00000000d5580000, 0x00000000d5d00000, 0x0000000100000000)
  eden space 3584K, 0% used [0x00000000d5580000,0x00000000d5580000,0x00000000d5900000)
  from space 1536K, 48% used [0x00000000d5a00000,0x00000000d5ab9210,0x00000000d5b80000)
  to   space 1024K, 0% used [0x00000000d5c00000,0x00000000d5c00000,0x00000000d5d00000)
 ParOldGen       total 876032K, used 875777K [0x0000000080000000, 0x00000000b5780000, 0x00000000d5580000)
  object space 876032K, 99% used [0x0000000080000000,0x00000000b5740668,0x00000000b5780000)
 Metaspace       used 95982K, committed 97536K, reserved 1179648K
  class space    used 9410K, committed 10176K, reserved 1048576K
}
Event: 115792.096 GC heap before
{Heap before GC invocations=6985 (full 17):
 PSYoungGen      total 5120K, used 4324K [0x00000000d5580000, 0x00000000d5d00000, 0x0000000100000000)
  eden space 3584K, 100% used [0x00000000d5580000,0x00000000d5900000,0x00000000d5900000)
  from space 1536K, 48% used [0x00000000d5a00000,0x00000000d5ab9210,0x00000000d5b80000)
  to   space 1024K, 0% used [0x00000000d5c00000,0x00000000d5c00000,0x00000000d5d00000)
 ParOldGen       total 876032K, used 875777K [0x0000000080000000, 0x00000000b5780000, 0x00000000d5580000)
  object space 876032K, 99% used [0x0000000080000000,0x00000000b5740668,0x00000000b5780000)
 Metaspace       used 95989K, committed 97536K, reserved 1179648K
  class space    used 9410K, committed 10176K, reserved 1048576K
}
Event: 115792.308 GC heap after
{Heap after GC invocations=6985 (full 17):
 PSYoungGen      total 4096K, used 320K [0x00000000d5580000, 0x00000000d5c80000, 0x0000000100000000)
  eden space 3584K, 0% used [0x00000000d5580000,0x00000000d5580000,0x00000000d5900000)
  from space 512K, 62% used [0x00000000d5c00000,0x00000000d5c50000,0x00000000d5c80000)
  to   space 1024K, 0% used [0x00000000d5a80000,0x00000000d5a80000,0x00000000d5b80000)
 ParOldGen       total 876032K, used 875825K [0x0000000080000000, 0x00000000b5780000, 0x00000000d5580000)
  object space 876032K, 99% used [0x0000000080000000,0x00000000b574c668,0x00000000b5780000)
 Metaspace       used 95989K, committed 97536K, reserved 1179648K
  class space    used 9410K, committed 10176K, reserved 1048576K
}
Event: 115805.654 GC heap before
{Heap before GC invocations=6986 (full 17):
 PSYoungGen      total 4096K, used 3904K [0x00000000d5580000, 0x00000000d5c80000, 0x0000000100000000)
  eden space 3584K, 100% used [0x00000000d5580000,0x00000000d5900000,0x00000000d5900000)
  from space 512K, 62% used [0x00000000d5c00000,0x00000000d5c50000,0x00000000d5c80000)
  to   space 1024K, 0% used [0x00000000d5a80000,0x00000000d5a80000,0x00000000d5b80000)
 ParOldGen       total 876032K, used 875825K [0x0000000080000000, 0x00000000b5780000, 0x00000000d5580000)
  object space 876032K, 99% used [0x0000000080000000,0x00000000b574c668,0x00000000b5780000)
 Metaspace       used 95989K, committed 97536K, reserved 1179648K
  class space    used 9410K, committed 10176K, reserved 1048576K
}
Event: 115805.662 GC heap after
{Heap after GC invocations=6986 (full 17):
 PSYoungGen      total 4608K, used 416K [0x00000000d5580000, 0x00000000d5c80000, 0x0000000100000000)
  eden space 3584K, 0% used [0x00000000d5580000,0x00000000d5580000,0x00000000d5900000)
  from space 1024K, 40% used [0x00000000d5a80000,0x00000000d5ae8000,0x00000000d5b80000)
  to   space 512K, 0% used [0x00000000d5c00000,0x00000000d5c00000,0x00000000d5c80000)
 ParOldGen       total 876032K, used 875905K [0x0000000080000000, 0x00000000b5780000, 0x00000000d5580000)
  object space 876032K, 99% used [0x0000000080000000,0x00000000b5760668,0x00000000b5780000)
 Metaspace       used 95989K, committed 97536K, reserved 1179648K
  class space    used 9410K, committed 10176K, reserved 1048576K
}
Event: 115884.305 GC heap before
{Heap before GC invocations=6987 (full 17):
 PSYoungGen      total 4608K, used 4000K [0x00000000d5580000, 0x00000000d5c80000, 0x0000000100000000)
  eden space 3584K, 100% used [0x00000000d5580000,0x00000000d5900000,0x00000000d5900000)
  from space 1024K, 40% used [0x00000000d5a80000,0x00000000d5ae8000,0x00000000d5b80000)
  to   space 512K, 0% used [0x00000000d5c00000,0x00000000d5c00000,0x00000000d5c80000)
 ParOldGen       total 876032K, used 875905K [0x0000000080000000, 0x00000000b5780000, 0x00000000d5580000)
  object space 876032K, 99% used [0x0000000080000000,0x00000000b5760668,0x00000000b5780000)
 Metaspace       used 95989K, committed 97536K, reserved 1179648K
  class space    used 9410K, committed 10176K, reserved 1048576K
}
Event: 115884.409 GC heap after
{Heap after GC invocations=6987 (full 17):
 PSYoungGen      total 4096K, used 416K [0x00000000d5580000, 0x00000000d5c80000, 0x0000000100000000)
  eden space 3584K, 0% used [0x00000000d5580000,0x00000000d5580000,0x00000000d5900000)
  from space 512K, 81% used [0x00000000d5c00000,0x00000000d5c68000,0x00000000d5c80000)
  to   space 512K, 0% used [0x00000000d5b80000,0x00000000d5b80000,0x00000000d5c00000)
 ParOldGen       total 876032K, used 875969K [0x0000000080000000, 0x00000000b5780000, 0x00000000d5580000)
  object space 876032K, 99% used [0x0000000080000000,0x00000000b5770668,0x00000000b5780000)
 Metaspace       used 95989K, committed 97536K, reserved 1179648K
  class space    used 9410K, committed 10176K, reserved 1048576K
}
Event: 115885.545 GC heap before
{Heap before GC invocations=6988 (full 17):
 PSYoungGen      total 4096K, used 3999K [0x00000000d5580000, 0x00000000d5c80000, 0x0000000100000000)
  eden space 3584K, 99% used [0x00000000d5580000,0x00000000d58ffff0,0x00000000d5900000)
  from space 512K, 81% used [0x00000000d5c00000,0x00000000d5c68000,0x00000000d5c80000)
  to   space 512K, 0% used [0x00000000d5b80000,0x00000000d5b80000,0x00000000d5c00000)
 ParOldGen       total 876032K, used 875969K [0x0000000080000000, 0x00000000b5780000, 0x00000000d5580000)
  object space 876032K, 99% used [0x0000000080000000,0x00000000b5770668,0x00000000b5780000)
 Metaspace       used 95989K, committed 97536K, reserved 1179648K
  class space    used 9410K, committed 10176K, reserved 1048576K
}
Event: 115885.552 GC heap after
{Heap after GC invocations=6988 (full 17):
 PSYoungGen      total 4096K, used 480K [0x00000000d5580000, 0x00000000d5c80000, 0x0000000100000000)
  eden space 3584K, 0% used [0x00000000d5580000,0x00000000d5580000,0x00000000d5900000)
  from space 512K, 93% used [0x00000000d5b80000,0x00000000d5bf8000,0x00000000d5c00000)
  to   space 512K, 0% used [0x00000000d5c00000,0x00000000d5c00000,0x00000000d5c80000)
 ParOldGen       total 876544K, used 876033K [0x0000000080000000, 0x00000000b5800000, 0x00000000d5580000)
  object space 876544K, 99% used [0x0000000080000000,0x00000000b5780668,0x00000000b5800000)
 Metaspace       used 95989K, committed 97536K, reserved 1179648K
  class space    used 9410K, committed 10176K, reserved 1048576K
}
Event: 115890.918 GC heap before
{Heap before GC invocations=6989 (full 17):
 PSYoungGen      total 4096K, used 4064K [0x00000000d5580000, 0x00000000d5c80000, 0x0000000100000000)
  eden space 3584K, 100% used [0x00000000d5580000,0x00000000d5900000,0x00000000d5900000)
  from space 512K, 93% used [0x00000000d5b80000,0x00000000d5bf8000,0x00000000d5c00000)
  to   space 512K, 0% used [0x00000000d5c00000,0x00000000d5c00000,0x00000000d5c80000)
 ParOldGen       total 876544K, used 876033K [0x0000000080000000, 0x00000000b5800000, 0x00000000d5580000)
  object space 876544K, 99% used [0x0000000080000000,0x00000000b5780668,0x00000000b5800000)
 Metaspace       used 95989K, committed 97536K, reserved 1179648K
  class space    used 9410K, committed 10176K, reserved 1048576K
}
Event: 115890.922 GC heap after
{Heap after GC invocations=6989 (full 17):
 PSYoungGen      total 4096K, used 416K [0x00000000d5580000, 0x00000000d5c80000, 0x0000000100000000)
  eden space 3584K, 0% used [0x00000000d5580000,0x00000000d5580000,0x00000000d5900000)
  from space 512K, 81% used [0x00000000d5c00000,0x00000000d5c68000,0x00000000d5c80000)
  to   space 512K, 0% used [0x00000000d5b80000,0x00000000d5b80000,0x00000000d5c00000)
 ParOldGen       total 876544K, used 876081K [0x0000000080000000, 0x00000000b5800000, 0x00000000d5580000)
  object space 876544K, 99% used [0x0000000080000000,0x00000000b578c668,0x00000000b5800000)
 Metaspace       used 95989K, committed 97536K, reserved 1179648K
  class space    used 9410K, committed 10176K, reserved 1048576K
}
Event: 115943.091 GC heap before
{Heap before GC invocations=6990 (full 17):
 PSYoungGen      total 4096K, used 4000K [0x00000000d5580000, 0x00000000d5c80000, 0x0000000100000000)
  eden space 3584K, 100% used [0x00000000d5580000,0x00000000d5900000,0x00000000d5900000)
  from space 512K, 81% used [0x00000000d5c00000,0x00000000d5c68000,0x00000000d5c80000)
  to   space 512K, 0% used [0x00000000d5b80000,0x00000000d5b80000,0x00000000d5c00000)
 ParOldGen       total 876544K, used 876081K [0x0000000080000000, 0x00000000b5800000, 0x00000000d5580000)
  object space 876544K, 99% used [0x0000000080000000,0x00000000b578c668,0x00000000b5800000)
 Metaspace       used 95989K, committed 97536K, reserved 1179648K
  class space    used 9410K, committed 10176K, reserved 1048576K
}
Event: 115943.172 GC heap after
{Heap after GC invocations=6990 (full 17):
 PSYoungGen      total 4096K, used 416K [0x00000000d5580000, 0x00000000d5c80000, 0x0000000100000000)
  eden space 3584K, 0% used [0x00000000d5580000,0x00000000d5580000,0x00000000d5900000)
  from space 512K, 81% used [0x00000000d5b80000,0x00000000d5be8000,0x00000000d5c00000)
  to   space 512K, 0% used [0x00000000d5c00000,0x00000000d5c00000,0x00000000d5c80000)
 ParOldGen       total 876544K, used 876129K [0x0000000080000000, 0x00000000b5800000, 0x00000000d5580000)
  object space 876544K, 99% used [0x0000000080000000,0x00000000b5798668,0x00000000b5800000)
 Metaspace       used 95989K, committed 97536K, reserved 1179648K
  class space    used 9410K, committed 10176K, reserved 1048576K
}
Event: 115945.875 GC heap before
{Heap before GC invocations=6991 (full 17):
 PSYoungGen      total 4096K, used 4000K [0x00000000d5580000, 0x00000000d5c80000, 0x0000000100000000)
  eden space 3584K, 100% used [0x00000000d5580000,0x00000000d5900000,0x00000000d5900000)
  from space 512K, 81% used [0x00000000d5b80000,0x00000000d5be8000,0x00000000d5c00000)
  to   space 512K, 0% used [0x00000000d5c00000,0x00000000d5c00000,0x00000000d5c80000)
 ParOldGen       total 876544K, used 876129K [0x0000000080000000, 0x00000000b5800000, 0x00000000d5580000)
  object space 876544K, 99% used [0x0000000080000000,0x00000000b5798668,0x00000000b5800000)
 Metaspace       used 95989K, committed 97536K, reserved 1179648K
  class space    used 9410K, committed 10176K, reserved 1048576K
}
Event: 115945.880 GC heap after
{Heap after GC invocations=6991 (full 17):
 PSYoungGen      total 4096K, used 448K [0x00000000d5580000, 0x00000000d5c80000, 0x0000000100000000)
  eden space 3584K, 0% used [0x00000000d5580000,0x00000000d5580000,0x00000000d5900000)
  from space 512K, 87% used [0x00000000d5c00000,0x00000000d5c70000,0x00000000d5c80000)
  to   space 512K, 0% used [0x00000000d5b80000,0x00000000d5b80000,0x00000000d5c00000)
 ParOldGen       total 876544K, used 876193K [0x0000000080000000, 0x00000000b5800000, 0x00000000d5580000)
  object space 876544K, 99% used [0x0000000080000000,0x00000000b57a8668,0x00000000b5800000)
 Metaspace       used 95989K, committed 97536K, reserved 1179648K
  class space    used 9410K, committed 10176K, reserved 1048576K
}
Event: 115948.987 GC heap before
{Heap before GC invocations=6992 (full 17):
 PSYoungGen      total 4096K, used 4032K [0x00000000d5580000, 0x00000000d5c80000, 0x0000000100000000)
  eden space 3584K, 100% used [0x00000000d5580000,0x00000000d5900000,0x00000000d5900000)
  from space 512K, 87% used [0x00000000d5c00000,0x00000000d5c70000,0x00000000d5c80000)
  to   space 512K, 0% used [0x00000000d5b80000,0x00000000d5b80000,0x00000000d5c00000)
 ParOldGen       total 876544K, used 876193K [0x0000000080000000, 0x00000000b5800000, 0x00000000d5580000)
  object space 876544K, 99% used [0x0000000080000000,0x00000000b57a8668,0x00000000b5800000)
 Metaspace       used 95989K, committed 97536K, reserved 1179648K
  class space    used 9410K, committed 10176K, reserved 1048576K
}
Event: 115948.989 GC heap after
{Heap after GC invocations=6992 (full 17):
 PSYoungGen      total 4096K, used 448K [0x00000000d5580000, 0x00000000d5c80000, 0x0000000100000000)
  eden space 3584K, 0% used [0x00000000d5580000,0x00000000d5580000,0x00000000d5900000)
  from space 512K, 87% used [0x00000000d5b80000,0x00000000d5bf0000,0x00000000d5c00000)
  to   space 512K, 0% used [0x00000000d5c00000,0x00000000d5c00000,0x00000000d5c80000)
 ParOldGen       total 876544K, used 876249K [0x0000000080000000, 0x00000000b5800000, 0x00000000d5580000)
  object space 876544K, 99% used [0x0000000080000000,0x00000000b57b6668,0x00000000b5800000)
 Metaspace       used 95989K, committed 97536K, reserved 1179648K
  class space    used 9410K, committed 10176K, reserved 1048576K
}

