# JRE version: OpenJDK Runtime Environment Temurin-21.0.8+9 (21.0.8+9) (build 21.0.8+9-LTS)
# Java VM: OpenJDK 64-Bit Server VM Temurin-21.0.8+9 (21.0.8+9-LTS, mixed mode, sharing, tiered, compressed oops, compressed class ptrs, parallel gc, windows-amd64)
GC Precious Log:
 CardTable entry size: 512
 CPUs: 16 total, 16 available
 Memory: 7549M
 Large Page Support: Disabled
 NUMA Support: Disabled
 Compressed Oops: Enabled (32-bit)
 Alignments: Space 512K, Generation 512K, Heap 2M
 Heap Min Capacity: 100M
 Heap Initial Capacity: 100M
 Heap Max Capacity: 2G
 Pre-touch: Disabled
 Parallel Workers: 13
Heap:
 PSYoungGen      total 30208K, used 27477K [0x00000000d5580000, 0x00000000d7980000, 0x0000000100000000)
  eden space 28672K, 92% used [0x00000000d5580000,0x00000000d6f85440,0x00000000d7180000)
  from space 1536K, 54% used [0x00000000d7180000,0x00000000d7250000,0x00000000d7300000)
  to   space 1024K, 0% used [0x00000000d7880000,0x00000000d7880000,0x00000000d7980000)
 ParOldGen       total 651264K, used 650827K [0x0000000080000000, 0x00000000a7c00000, 0x00000000d5580000)
  object space 651264K, 99% used [0x0000000080000000,0x00000000a7b92f30,0x00000000a7c00000)
 Metaspace       used 69888K, committed 71424K, reserved 1114112K
  class space    used 7365K, committed 8000K, reserved 1048576K
GC Heap History (20 events):
Event: 49.589 GC heap after
{Heap after GC invocations=1095 (full 3):
 PSYoungGen      total 17408K, used 352K [0x00000000d5580000, 0x00000000d6780000, 0x0000000100000000)
  eden space 16896K, 0% used [0x00000000d5580000,0x00000000d5580000,0x00000000d6600000)
  from space 512K, 68% used [0x00000000d6700000,0x00000000d6758000,0x00000000d6780000)
  to   space 512K, 0% used [0x00000000d6680000,0x00000000d6680000,0x00000000d6700000)
 ParOldGen       total 645120K, used 645084K [0x0000000080000000, 0x00000000a7600000, 0x00000000d5580000)
  object space 645120K, 99% used [0x0000000080000000,0x00000000a75f7018,0x00000000a7600000)
 Metaspace       used 69779K, committed 71296K, reserved 1114112K
  class space    used 7352K, committed 8000K, reserved 1048576K
}
Event: 49.604 GC heap before
{Heap before GC invocations=1096 (full 3):
 PSYoungGen      total 17408K, used 17248K [0x00000000d5580000, 0x00000000d6780000, 0x0000000100000000)
  eden space 16896K, 100% used [0x00000000d5580000,0x00000000d6600000,0x00000000d6600000)
  from space 512K, 68% used [0x00000000d6700000,0x00000000d6758000,0x00000000d6780000)
  to   space 512K, 0% used [0x00000000d6680000,0x00000000d6680000,0x00000000d6700000)
 ParOldGen       total 645120K, used 645084K [0x0000000080000000, 0x00000000a7600000, 0x00000000d5580000)
  object space 645120K, 99% used [0x0000000080000000,0x00000000a75f7018,0x00000000a7600000)
 Metaspace       used 69780K, committed 71296K, reserved 1114112K
  class space    used 7352K, committed 8000K, reserved 1048576K
}
Event: 49.606 GC heap after
{Heap after GC invocations=1096 (full 3):
 PSYoungGen      total 17408K, used 512K [0x00000000d5580000, 0x00000000d6800000, 0x0000000100000000)
  eden space 16896K, 0% used [0x00000000d5580000,0x00000000d5580000,0x00000000d6600000)
  from space 512K, 100% used [0x00000000d6680000,0x00000000d6700000,0x00000000d6700000)
  to   space 1024K, 0% used [0x00000000d6700000,0x00000000d6700000,0x00000000d6800000)
 ParOldGen       total 645632K, used 645417K [0x0000000080000000, 0x00000000a7680000, 0x00000000d5580000)
  object space 645632K, 99% used [0x0000000080000000,0x00000000a764a620,0x00000000a7680000)
 Metaspace       used 69780K, committed 71296K, reserved 1114112K
  class space    used 7352K, committed 8000K, reserved 1048576K
}
Event: 49.630 GC heap before
{Heap before GC invocations=1097 (full 3):
 PSYoungGen      total 17408K, used 17408K [0x00000000d5580000, 0x00000000d6800000, 0x0000000100000000)
  eden space 16896K, 100% used [0x00000000d5580000,0x00000000d6600000,0x00000000d6600000)
  from space 512K, 100% used [0x00000000d6680000,0x00000000d6700000,0x00000000d6700000)
  to   space 1024K, 0% used [0x00000000d6700000,0x00000000d6700000,0x00000000d6800000)
 ParOldGen       total 645632K, used 645417K [0x0000000080000000, 0x00000000a7680000, 0x00000000d5580000)
  object space 645632K, 99% used [0x0000000080000000,0x00000000a764a620,0x00000000a7680000)
 Metaspace       used 69780K, committed 71296K, reserved 1114112K
  class space    used 7352K, committed 8000K, reserved 1048576K
}
Event: 49.633 GC heap after
{Heap after GC invocations=1097 (full 3):
 PSYoungGen      total 17920K, used 544K [0x00000000d5580000, 0x00000000d6800000, 0x0000000100000000)
  eden space 16896K, 0% used [0x00000000d5580000,0x00000000d5580000,0x00000000d6600000)
  from space 1024K, 53% used [0x00000000d6700000,0x00000000d6788000,0x00000000d6800000)
  to   space 1024K, 0% used [0x00000000d6600000,0x00000000d6600000,0x00000000d6700000)
 ParOldGen       total 646144K, used 645801K [0x0000000080000000, 0x00000000a7700000, 0x00000000d5580000)
  object space 646144K, 99% used [0x0000000080000000,0x00000000a76aa620,0x00000000a7700000)
 Metaspace       used 69780K, committed 71296K, reserved 1114112K
  class space    used 7352K, committed 8000K, reserved 1048576K
}
Event: 49.648 GC heap before
{Heap before GC invocations=1098 (full 3):
 PSYoungGen      total 17920K, used 17440K [0x00000000d5580000, 0x00000000d6800000, 0x0000000100000000)
  eden space 16896K, 100% used [0x00000000d5580000,0x00000000d6600000,0x00000000d6600000)
  from space 1024K, 53% used [0x00000000d6700000,0x00000000d6788000,0x00000000d6800000)
  to   space 1024K, 0% used [0x00000000d6600000,0x00000000d6600000,0x00000000d6700000)
 ParOldGen       total 646144K, used 645801K [0x0000000080000000, 0x00000000a7700000, 0x00000000d5580000)
  object space 646144K, 99% used [0x0000000080000000,0x00000000a76aa620,0x00000000a7700000)
 Metaspace       used 69783K, committed 71296K, reserved 1114112K
  class space    used 7352K, committed 8000K, reserved 1048576K
}
Event: 49.650 GC heap after
{Heap after GC invocations=1098 (full 3):
 PSYoungGen      total 17920K, used 512K [0x00000000d5580000, 0x00000000d6800000, 0x0000000100000000)
  eden space 16896K, 0% used [0x00000000d5580000,0x00000000d5580000,0x00000000d6600000)
  from space 1024K, 50% used [0x00000000d6600000,0x00000000d6680000,0x00000000d6700000)
  to   space 1024K, 0% used [0x00000000d6700000,0x00000000d6700000,0x00000000d6800000)
 ParOldGen       total 646144K, used 646009K [0x0000000080000000, 0x00000000a7700000, 0x00000000d5580000)
  object space 646144K, 99% used [0x0000000080000000,0x00000000a76de620,0x00000000a7700000)
 Metaspace       used 69783K, committed 71296K, reserved 1114112K
  class space    used 7352K, committed 8000K, reserved 1048576K
}
Event: 49.657 GC heap before
{Heap before GC invocations=1099 (full 3):
 PSYoungGen      total 17920K, used 17408K [0x00000000d5580000, 0x00000000d6800000, 0x0000000100000000)
  eden space 16896K, 100% used [0x00000000d5580000,0x00000000d6600000,0x00000000d6600000)
  from space 1024K, 50% used [0x00000000d6600000,0x00000000d6680000,0x00000000d6700000)
  to   space 1024K, 0% used [0x00000000d6700000,0x00000000d6700000,0x00000000d6800000)
 ParOldGen       total 646144K, used 646009K [0x0000000080000000, 0x00000000a7700000, 0x00000000d5580000)
  object space 646144K, 99% used [0x0000000080000000,0x00000000a76de620,0x00000000a7700000)
 Metaspace       used 69783K, committed 71296K, reserved 1114112K
  class space    used 7352K, committed 8000K, reserved 1048576K
}
Event: 49.660 GC heap after
{Heap after GC invocations=1099 (full 3):
 PSYoungGen      total 17408K, used 480K [0x00000000d5580000, 0x00000000d6780000, 0x0000000100000000)
  eden space 16896K, 0% used [0x00000000d5580000,0x00000000d5580000,0x00000000d6600000)
  from space 512K, 93% used [0x00000000d6700000,0x00000000d6778000,0x00000000d6780000)
  to   space 512K, 0% used [0x00000000d6680000,0x00000000d6680000,0x00000000d6700000)
 ParOldGen       total 646656K, used 646401K [0x0000000080000000, 0x00000000a7780000, 0x00000000d5580000)
  object space 646656K, 99% used [0x0000000080000000,0x00000000a7740620,0x00000000a7780000)
 Metaspace       used 69783K, committed 71296K, reserved 1114112K
  class space    used 7352K, committed 8000K, reserved 1048576K
}
Event: 49.671 GC heap before
{Heap before GC invocations=1100 (full 3):
 PSYoungGen      total 17408K, used 17376K [0x00000000d5580000, 0x00000000d6780000, 0x0000000100000000)
  eden space 16896K, 100% used [0x00000000d5580000,0x00000000d6600000,0x00000000d6600000)
  from space 512K, 93% used [0x00000000d6700000,0x00000000d6778000,0x00000000d6780000)
  to   space 512K, 0% used [0x00000000d6680000,0x00000000d6680000,0x00000000d6700000)
 ParOldGen       total 646656K, used 646401K [0x0000000080000000, 0x00000000a7780000, 0x00000000d5580000)
  object space 646656K, 99% used [0x0000000080000000,0x00000000a7740620,0x00000000a7780000)
 Metaspace       used 69784K, committed 71296K, reserved 1114112K
  class space    used 7352K, committed 8000K, reserved 1048576K
}
Event: 50.673 GC heap after
{Heap after GC invocations=1100 (full 3):
 PSYoungGen      total 17920K, used 500K [0x00000000d5580000, 0x00000000d6b80000, 0x0000000100000000)
  eden space 17408K, 0% used [0x00000000d5580000,0x00000000d5580000,0x00000000d6680000)
  from space 512K, 97% used [0x00000000d6680000,0x00000000d66fd200,0x00000000d6700000)
  to   space 1024K, 0% used [0x00000000d6a80000,0x00000000d6a80000,0x00000000d6b80000)
 ParOldGen       total 647168K, used 646785K [0x0000000080000000, 0x00000000a7800000, 0x00000000d5580000)
  object space 647168K, 99% used [0x0000000080000000,0x00000000a77a0620,0x00000000a7800000)
 Metaspace       used 69784K, committed 71296K, reserved 1114112K
  class space    used 7352K, committed 8000K, reserved 1048576K
}
Event: 50.682 GC heap before
{Heap before GC invocations=1101 (full 3):
 PSYoungGen      total 17920K, used 17908K [0x00000000d5580000, 0x00000000d6b80000, 0x0000000100000000)
  eden space 17408K, 100% used [0x00000000d5580000,0x00000000d6680000,0x00000000d6680000)
  from space 512K, 97% used [0x00000000d6680000,0x00000000d66fd200,0x00000000d6700000)
  to   space 1024K, 0% used [0x00000000d6a80000,0x00000000d6a80000,0x00000000d6b80000)
 ParOldGen       total 647168K, used 646785K [0x0000000080000000, 0x00000000a7800000, 0x00000000d5580000)
  object space 647168K, 99% used [0x0000000080000000,0x00000000a77a0620,0x00000000a7800000)
 Metaspace       used 69810K, committed 71360K, reserved 1114112K
  class space    used 7352K, committed 8000K, reserved 1048576K
}
Event: 50.684 GC heap after
{Heap after GC invocations=1101 (full 3):
 PSYoungGen      total 21504K, used 672K [0x00000000d5580000, 0x00000000d6c00000, 0x0000000100000000)
  eden space 20480K, 0% used [0x00000000d5580000,0x00000000d5580000,0x00000000d6980000)
  from space 1024K, 65% used [0x00000000d6a80000,0x00000000d6b28000,0x00000000d6b80000)
  to   space 1024K, 0% used [0x00000000d6980000,0x00000000d6980000,0x00000000d6a80000)
 ParOldGen       total 647680K, used 647214K [0x0000000080000000, 0x00000000a7880000, 0x00000000d5580000)
  object space 647680K, 99% used [0x0000000080000000,0x00000000a780b820,0x00000000a7880000)
 Metaspace       used 69810K, committed 71360K, reserved 1114112K
  class space    used 7352K, committed 8000K, reserved 1048576K
}
Event: 50.695 GC heap before
{Heap before GC invocations=1102 (full 3):
 PSYoungGen      total 21504K, used 21152K [0x00000000d5580000, 0x00000000d6c00000, 0x0000000100000000)
  eden space 20480K, 100% used [0x00000000d5580000,0x00000000d6980000,0x00000000d6980000)
  from space 1024K, 65% used [0x00000000d6a80000,0x00000000d6b28000,0x00000000d6b80000)
  to   space 1024K, 0% used [0x00000000d6980000,0x00000000d6980000,0x00000000d6a80000)
 ParOldGen       total 647680K, used 647214K [0x0000000080000000, 0x00000000a7880000, 0x00000000d5580000)
  object space 647680K, 99% used [0x0000000080000000,0x00000000a780b820,0x00000000a7880000)
 Metaspace       used 69813K, committed 71360K, reserved 1114112K
  class space    used 7352K, committed 8000K, reserved 1048576K
}
Event: 50.697 GC heap after
{Heap after GC invocations=1102 (full 3):
 PSYoungGen      total 21504K, used 795K [0x00000000d5580000, 0x00000000d6f80000, 0x0000000100000000)
  eden space 20480K, 0% used [0x00000000d5580000,0x00000000d5580000,0x00000000d6980000)
  from space 1024K, 77% used [0x00000000d6980000,0x00000000d6a46c08,0x00000000d6a80000)
  to   space 1024K, 0% used [0x00000000d6e80000,0x00000000d6e80000,0x00000000d6f80000)
 ParOldGen       total 647680K, used 647446K [0x0000000080000000, 0x00000000a7880000, 0x00000000d5580000)
  object space 647680K, 99% used [0x0000000080000000,0x00000000a7845820,0x00000000a7880000)
 Metaspace       used 69813K, committed 71360K, reserved 1114112K
  class space    used 7352K, committed 8000K, reserved 1048576K
}
Event: 50.710 GC heap before
{Heap before GC invocations=1103 (full 3):
 PSYoungGen      total 21504K, used 21275K [0x00000000d5580000, 0x00000000d6f80000, 0x0000000100000000)
  eden space 20480K, 100% used [0x00000000d5580000,0x00000000d6980000,0x00000000d6980000)
  from space 1024K, 77% used [0x00000000d6980000,0x00000000d6a46c08,0x00000000d6a80000)
  to   space 1024K, 0% used [0x00000000d6e80000,0x00000000d6e80000,0x00000000d6f80000)
 ParOldGen       total 647680K, used 647446K [0x0000000080000000, 0x00000000a7880000, 0x00000000d5580000)
  object space 647680K, 99% used [0x0000000080000000,0x00000000a7845820,0x00000000a7880000)
 Metaspace       used 69814K, committed 71360K, reserved 1114112K
  class space    used 7352K, committed 8000K, reserved 1048576K
}
Event: 54.753 GC heap after
{Heap after GC invocations=1103 (full 3):
 PSYoungGen      total 24576K, used 1024K [0x00000000d5580000, 0x00000000d7180000, 0x0000000100000000)
  eden space 23552K, 0% used [0x00000000d5580000,0x00000000d5580000,0x00000000d6c80000)
  from space 1024K, 100% used [0x00000000d6e80000,0x00000000d6f80000,0x00000000d6f80000)
  to   space 2048K, 0% used [0x00000000d6c80000,0x00000000d6c80000,0x00000000d6e80000)
 ParOldGen       total 648192K, used 648068K [0x0000000080000000, 0x00000000a7900000, 0x00000000d5580000)
  object space 648192K, 99% used [0x0000000080000000,0x00000000a78e1028,0x00000000a7900000)
 Metaspace       used 69814K, committed 71360K, reserved 1114112K
  class space    used 7352K, committed 8000K, reserved 1048576K
}
Event: 54.772 GC heap before
{Heap before GC invocations=1104 (full 3):
 PSYoungGen      total 24576K, used 24576K [0x00000000d5580000, 0x00000000d7180000, 0x0000000100000000)
  eden space 23552K, 100% used [0x00000000d5580000,0x00000000d6c80000,0x00000000d6c80000)
  from space 1024K, 100% used [0x00000000d6e80000,0x00000000d6f80000,0x00000000d6f80000)
  to   space 2048K, 0% used [0x00000000d6c80000,0x00000000d6c80000,0x00000000d6e80000)
 ParOldGen       total 648192K, used 648068K [0x0000000080000000, 0x00000000a7900000, 0x00000000d5580000)
  object space 648192K, 99% used [0x0000000080000000,0x00000000a78e1028,0x00000000a7900000)
 Metaspace       used 69821K, committed 71360K, reserved 1114112K
  class space    used 7352K, committed 8000K, reserved 1048576K
}
Event: 54.774 GC heap after
{Heap after GC invocations=1104 (full 3):
 PSYoungGen      total 25600K, used 1324K [0x00000000d5580000, 0x00000000d7480000, 0x0000000100000000)
  eden space 23552K, 0% used [0x00000000d5580000,0x00000000d5580000,0x00000000d6c80000)
  from space 2048K, 64% used [0x00000000d6c80000,0x00000000d6dcb008,0x00000000d6e80000)
  to   space 1536K, 0% used [0x00000000d7300000,0x00000000d7300000,0x00000000d7480000)
 ParOldGen       total 649216K, used 648908K [0x0000000080000000, 0x00000000a7a00000, 0x00000000d5580000)
  object space 649216K, 99% used [0x0000000080000000,0x00000000a79b3028,0x00000000a7a00000)
 Metaspace       used 69821K, committed 71360K, reserved 1114112K
  class space    used 7352K, committed 8000K, reserved 1048576K
}
Event: 55.794 GC heap before
{Heap before GC invocations=1105 (full 3):
 PSYoungGen      total 25600K, used 24876K [0x00000000d5580000, 0x00000000d7480000, 0x0000000100000000)
  eden space 23552K, 100% used [0x00000000d5580000,0x00000000d6c80000,0x00000000d6c80000)
  from space 2048K, 64% used [0x00000000d6c80000,0x00000000d6dcb008,0x00000000d6e80000)
  to   space 1536K, 0% used [0x00000000d7300000,0x00000000d7300000,0x00000000d7480000)
 ParOldGen       total 649216K, used 648949K [0x0000000080000000, 0x00000000a7a00000, 0x00000000d5580000)
  object space 649216K, 99% used [0x0000000080000000,0x00000000a79bd6a8,0x00000000a7a00000)
 Metaspace       used 69821K, committed 71360K, reserved 1114112K
  class space    used 7352K, committed 8000K, reserved 1048576K
}

