# JRE version: OpenJDK Runtime Environment Temurin-21.0.8+9 (21.0.8+9) (build 21.0.8+9-LTS)
# Java VM: OpenJDK 64-Bit Server VM Temurin-21.0.8+9 (21.0.8+9-LTS, mixed mode, sharing, tiered, compressed oops, compressed class ptrs, parallel gc, windows-amd64)
GC Precious Log:
 CardTable entry size: 512
 CPUs: 16 total, 16 available
 Memory: 7549M
 Large Page Support: Disabled
 NUMA Support: Disabled
 Compressed Oops: Enabled (32-bit)
 Alignments: Space 512K, Generation 512K, Heap 2M
 Heap Min Capacity: 100M
 Heap Initial Capacity: 100M
 Heap Max Capacity: 2G
 Pre-touch: Disabled
 Parallel Workers: 13
Heap:
 PSYoungGen      total 19456K, used 6340K [0x00000000d5580000, 0x00000000d7300000, 0x0000000100000000)
  eden space 18432K, 31% used [0x00000000d5580000,0x00000000d5b21360,0x00000000d6780000)
  from space 1024K, 56% used [0x00000000d7200000,0x00000000d7290020,0x00000000d7300000)
  to   space 4096K, 0% used [0x00000000d6b00000,0x00000000d6b00000,0x00000000d6f00000)
 ParOldGen       total 82944K, used 82524K [0x0000000080000000, 0x0000000085100000, 0x00000000d5580000)
  object space 82944K, 99% used [0x0000000080000000,0x0000000085097120,0x0000000085100000)
 Metaspace       used 71124K, committed 72576K, reserved 1114112K
  class space    used 7410K, committed 8000K, reserved 1048576K
GC Heap History (20 events):
Event: 44.622 GC heap before
{Heap before GC invocations=58 (full 3):
 PSYoungGen      total 19456K, used 19104K [0x00000000d5580000, 0x00000000d6a00000, 0x0000000100000000)
  eden space 18432K, 100% used [0x00000000d5580000,0x00000000d6780000,0x00000000d6780000)
  from space 1024K, 65% used [0x00000000d6900000,0x00000000d69a8040,0x00000000d6a00000)
  to   space 1024K, 0% used [0x00000000d6800000,0x00000000d6800000,0x00000000d6900000)
 ParOldGen       total 70144K, used 70039K [0x0000000080000000, 0x0000000084480000, 0x00000000d5580000)
  object space 70144K, 99% used [0x0000000080000000,0x0000000084465f70,0x0000000084480000)
 Metaspace       used 68973K, committed 70464K, reserved 1114112K
  class space    used 7311K, committed 7872K, reserved 1048576K
}
Event: 44.624 GC heap after
{Heap after GC invocations=58 (full 3):
 PSYoungGen      total 19456K, used 576K [0x00000000d5580000, 0x00000000d6980000, 0x0000000100000000)
  eden space 18432K, 0% used [0x00000000d5580000,0x00000000d5580000,0x00000000d6780000)
  from space 1024K, 56% used [0x00000000d6800000,0x00000000d6890000,0x00000000d6900000)
  to   space 512K, 0% used [0x00000000d6900000,0x00000000d6900000,0x00000000d6980000)
 ParOldGen       total 70656K, used 70536K [0x0000000080000000, 0x0000000084500000, 0x00000000d5580000)
  object space 70656K, 99% used [0x0000000080000000,0x00000000844e2160,0x0000000084500000)
 Metaspace       used 68973K, committed 70464K, reserved 1114112K
  class space    used 7311K, committed 7872K, reserved 1048576K
}
Event: 44.870 GC heap before
{Heap before GC invocations=59 (full 3):
 PSYoungGen      total 19456K, used 19007K [0x00000000d5580000, 0x00000000d6980000, 0x0000000100000000)
  eden space 18432K, 99% used [0x00000000d5580000,0x00000000d677fff0,0x00000000d6780000)
  from space 1024K, 56% used [0x00000000d6800000,0x00000000d6890000,0x00000000d6900000)
  to   space 512K, 0% used [0x00000000d6900000,0x00000000d6900000,0x00000000d6980000)
 ParOldGen       total 70656K, used 70536K [0x0000000080000000, 0x0000000084500000, 0x00000000d5580000)
  object space 70656K, 99% used [0x0000000080000000,0x00000000844e2160,0x0000000084500000)
 Metaspace       used 69092K, committed 70592K, reserved 1114112K
  class space    used 7320K, committed 7936K, reserved 1048576K
}
Event: 44.872 GC heap after
{Heap after GC invocations=59 (full 3):
 PSYoungGen      total 18944K, used 499K [0x00000000d5580000, 0x00000000d6980000, 0x0000000100000000)
  eden space 18432K, 0% used [0x00000000d5580000,0x00000000d5580000,0x00000000d6780000)
  from space 512K, 97% used [0x00000000d6900000,0x00000000d697ccf0,0x00000000d6980000)
  to   space 1024K, 0% used [0x00000000d6780000,0x00000000d6780000,0x00000000d6880000)
 ParOldGen       total 71168K, used 70960K [0x0000000080000000, 0x0000000084580000, 0x00000000d5580000)
  object space 71168K, 99% used [0x0000000080000000,0x000000008454c1b0,0x0000000084580000)
 Metaspace       used 69092K, committed 70592K, reserved 1114112K
  class space    used 7320K, committed 7936K, reserved 1048576K
}
Event: 45.266 GC heap before
{Heap before GC invocations=60 (full 3):
 PSYoungGen      total 18944K, used 18931K [0x00000000d5580000, 0x00000000d6980000, 0x0000000100000000)
  eden space 18432K, 99% used [0x00000000d5580000,0x00000000d677fff0,0x00000000d6780000)
  from space 512K, 97% used [0x00000000d6900000,0x00000000d697ccf0,0x00000000d6980000)
  to   space 1024K, 0% used [0x00000000d6780000,0x00000000d6780000,0x00000000d6880000)
 ParOldGen       total 71168K, used 70960K [0x0000000080000000, 0x0000000084580000, 0x00000000d5580000)
  object space 71168K, 99% used [0x0000000080000000,0x000000008454c1b0,0x0000000084580000)
 Metaspace       used 69542K, committed 71040K, reserved 1114112K
  class space    used 7350K, committed 7936K, reserved 1048576K
}
Event: 45.269 GC heap after
{Heap after GC invocations=60 (full 3):
 PSYoungGen      total 19456K, used 1017K [0x00000000d5580000, 0x00000000d6a80000, 0x0000000100000000)
  eden space 18432K, 0% used [0x00000000d5580000,0x00000000d5580000,0x00000000d6780000)
  from space 1024K, 99% used [0x00000000d6780000,0x00000000d687e430,0x00000000d6880000)
  to   space 1536K, 0% used [0x00000000d6900000,0x00000000d6900000,0x00000000d6a80000)
 ParOldGen       total 71680K, used 71276K [0x0000000080000000, 0x0000000084600000, 0x00000000d5580000)
  object space 71680K, 99% used [0x0000000080000000,0x000000008459b3c0,0x0000000084600000)
 Metaspace       used 69542K, committed 71040K, reserved 1114112K
  class space    used 7350K, committed 7936K, reserved 1048576K
}
Event: 45.517 GC heap before
{Heap before GC invocations=61 (full 3):
 PSYoungGen      total 19456K, used 19396K [0x00000000d5580000, 0x00000000d6a80000, 0x0000000100000000)
  eden space 18432K, 99% used [0x00000000d5580000,0x00000000d6772cb0,0x00000000d6780000)
  from space 1024K, 99% used [0x00000000d6780000,0x00000000d687e430,0x00000000d6880000)
  to   space 1536K, 0% used [0x00000000d6900000,0x00000000d6900000,0x00000000d6a80000)
 ParOldGen       total 71680K, used 71276K [0x0000000080000000, 0x0000000084600000, 0x00000000d5580000)
  object space 71680K, 99% used [0x0000000080000000,0x000000008459b3c0,0x0000000084600000)
 Metaspace       used 69766K, committed 71232K, reserved 1114112K
  class space    used 7352K, committed 7936K, reserved 1048576K
}
Event: 45.520 GC heap after
{Heap after GC invocations=61 (full 3):
 PSYoungGen      total 19968K, used 1412K [0x00000000d5580000, 0x00000000d6a80000, 0x0000000100000000)
  eden space 18432K, 0% used [0x00000000d5580000,0x00000000d5580000,0x00000000d6780000)
  from space 1536K, 91% used [0x00000000d6900000,0x00000000d6a61210,0x00000000d6a80000)
  to   space 1536K, 0% used [0x00000000d6780000,0x00000000d6780000,0x00000000d6900000)
 ParOldGen       total 72192K, used 72160K [0x0000000080000000, 0x0000000084680000, 0x00000000d5580000)
  object space 72192K, 99% used [0x0000000080000000,0x0000000084678210,0x0000000084680000)
 Metaspace       used 69766K, committed 71232K, reserved 1114112K
  class space    used 7352K, committed 7936K, reserved 1048576K
}
Event: 45.753 GC heap before
{Heap before GC invocations=62 (full 3):
 PSYoungGen      total 19968K, used 19844K [0x00000000d5580000, 0x00000000d6a80000, 0x0000000100000000)
  eden space 18432K, 100% used [0x00000000d5580000,0x00000000d6780000,0x00000000d6780000)
  from space 1536K, 91% used [0x00000000d6900000,0x00000000d6a61210,0x00000000d6a80000)
  to   space 1536K, 0% used [0x00000000d6780000,0x00000000d6780000,0x00000000d6900000)
 ParOldGen       total 72192K, used 72160K [0x0000000080000000, 0x0000000084680000, 0x00000000d5580000)
  object space 72192K, 99% used [0x0000000080000000,0x0000000084678210,0x0000000084680000)
 Metaspace       used 69932K, committed 71424K, reserved 1114112K
  class space    used 7352K, committed 7936K, reserved 1048576K
}
Event: 45.755 GC heap after
{Heap after GC invocations=62 (full 3):
 PSYoungGen      total 18944K, used 500K [0x00000000d5580000, 0x00000000d6980000, 0x0000000100000000)
  eden space 18432K, 0% used [0x00000000d5580000,0x00000000d5580000,0x00000000d6780000)
  from space 512K, 97% used [0x00000000d6780000,0x00000000d67fd200,0x00000000d6800000)
  to   space 1024K, 0% used [0x00000000d6880000,0x00000000d6880000,0x00000000d6980000)
 ParOldGen       total 73216K, used 72870K [0x0000000080000000, 0x0000000084780000, 0x00000000d5580000)
  object space 73216K, 99% used [0x0000000080000000,0x0000000084729b50,0x0000000084780000)
 Metaspace       used 69932K, committed 71424K, reserved 1114112K
  class space    used 7352K, committed 7936K, reserved 1048576K
}
Event: 45.992 GC heap before
{Heap before GC invocations=63 (full 3):
 PSYoungGen      total 18944K, used 18932K [0x00000000d5580000, 0x00000000d6980000, 0x0000000100000000)
  eden space 18432K, 100% used [0x00000000d5580000,0x00000000d6780000,0x00000000d6780000)
  from space 512K, 97% used [0x00000000d6780000,0x00000000d67fd200,0x00000000d6800000)
  to   space 1024K, 0% used [0x00000000d6880000,0x00000000d6880000,0x00000000d6980000)
 ParOldGen       total 73216K, used 72870K [0x0000000080000000, 0x0000000084780000, 0x00000000d5580000)
  object space 73216K, 99% used [0x0000000080000000,0x0000000084729b50,0x0000000084780000)
 Metaspace       used 70035K, committed 71552K, reserved 1114112K
  class space    used 7353K, committed 7936K, reserved 1048576K
}
Event: 45.993 GC heap after
{Heap after GC invocations=63 (full 3):
 PSYoungGen      total 19456K, used 846K [0x00000000d5580000, 0x00000000d6980000, 0x0000000100000000)
  eden space 18432K, 0% used [0x00000000d5580000,0x00000000d5580000,0x00000000d6780000)
  from space 1024K, 82% used [0x00000000d6880000,0x00000000d6953b00,0x00000000d6980000)
  to   space 1024K, 0% used [0x00000000d6780000,0x00000000d6780000,0x00000000d6880000)
 ParOldGen       total 73216K, used 72958K [0x0000000080000000, 0x0000000084780000, 0x00000000d5580000)
  object space 73216K, 99% used [0x0000000080000000,0x000000008473fb50,0x0000000084780000)
 Metaspace       used 70035K, committed 71552K, reserved 1114112K
  class space    used 7353K, committed 7936K, reserved 1048576K
}
Event: 46.157 GC heap before
{Heap before GC invocations=64 (full 3):
 PSYoungGen      total 19456K, used 19278K [0x00000000d5580000, 0x00000000d6980000, 0x0000000100000000)
  eden space 18432K, 100% used [0x00000000d5580000,0x00000000d6780000,0x00000000d6780000)
  from space 1024K, 82% used [0x00000000d6880000,0x00000000d6953b00,0x00000000d6980000)
  to   space 1024K, 0% used [0x00000000d6780000,0x00000000d6780000,0x00000000d6880000)
 ParOldGen       total 73216K, used 72958K [0x0000000080000000, 0x0000000084780000, 0x00000000d5580000)
  object space 73216K, 99% used [0x0000000080000000,0x000000008473fb50,0x0000000084780000)
 Metaspace       used 70177K, committed 71680K, reserved 1114112K
  class space    used 7353K, committed 7936K, reserved 1048576K
}
Event: 46.158 GC heap after
{Heap after GC invocations=64 (full 3):
 PSYoungGen      total 19456K, used 778K [0x00000000d5580000, 0x00000000d6980000, 0x0000000100000000)
  eden space 18432K, 0% used [0x00000000d5580000,0x00000000d5580000,0x00000000d6780000)
  from space 1024K, 76% used [0x00000000d6780000,0x00000000d6842910,0x00000000d6880000)
  to   space 1024K, 0% used [0x00000000d6880000,0x00000000d6880000,0x00000000d6980000)
 ParOldGen       total 73216K, used 73150K [0x0000000080000000, 0x0000000084780000, 0x00000000d5580000)
  object space 73216K, 99% used [0x0000000080000000,0x000000008476fb50,0x0000000084780000)
 Metaspace       used 70177K, committed 71680K, reserved 1114112K
  class space    used 7353K, committed 7936K, reserved 1048576K
}
Event: 46.523 GC heap before
{Heap before GC invocations=65 (full 3):
 PSYoungGen      total 19456K, used 19210K [0x00000000d5580000, 0x00000000d6980000, 0x0000000100000000)
  eden space 18432K, 100% used [0x00000000d5580000,0x00000000d6780000,0x00000000d6780000)
  from space 1024K, 76% used [0x00000000d6780000,0x00000000d6842910,0x00000000d6880000)
  to   space 1024K, 0% used [0x00000000d6880000,0x00000000d6880000,0x00000000d6980000)
 ParOldGen       total 73216K, used 73150K [0x0000000080000000, 0x0000000084780000, 0x00000000d5580000)
  object space 73216K, 99% used [0x0000000080000000,0x000000008476fb50,0x0000000084780000)
 Metaspace       used 70437K, committed 71936K, reserved 1114112K
  class space    used 7353K, committed 7936K, reserved 1048576K
}
Event: 46.524 GC heap after
{Heap after GC invocations=65 (full 3):
 PSYoungGen      total 19456K, used 820K [0x00000000d5580000, 0x00000000d6980000, 0x0000000100000000)
  eden space 18432K, 0% used [0x00000000d5580000,0x00000000d5580000,0x00000000d6780000)
  from space 1024K, 80% used [0x00000000d6880000,0x00000000d694d200,0x00000000d6980000)
  to   space 1024K, 0% used [0x00000000d6780000,0x00000000d6780000,0x00000000d6880000)
 ParOldGen       total 73728K, used 73286K [0x0000000080000000, 0x0000000084800000, 0x00000000d5580000)
  object space 73728K, 99% used [0x0000000080000000,0x0000000084791b50,0x0000000084800000)
 Metaspace       used 70437K, committed 71936K, reserved 1114112K
  class space    used 7353K, committed 7936K, reserved 1048576K
}
Event: 46.692 GC heap before
{Heap before GC invocations=66 (full 3):
 PSYoungGen      total 19456K, used 19252K [0x00000000d5580000, 0x00000000d6980000, 0x0000000100000000)
  eden space 18432K, 100% used [0x00000000d5580000,0x00000000d6780000,0x00000000d6780000)
  from space 1024K, 80% used [0x00000000d6880000,0x00000000d694d200,0x00000000d6980000)
  to   space 1024K, 0% used [0x00000000d6780000,0x00000000d6780000,0x00000000d6880000)
 ParOldGen       total 73728K, used 73286K [0x0000000080000000, 0x0000000084800000, 0x00000000d5580000)
  object space 73728K, 99% used [0x0000000080000000,0x0000000084791b50,0x0000000084800000)
 Metaspace       used 70656K, committed 72128K, reserved 1114112K
  class space    used 7366K, committed 7936K, reserved 1048576K
}
Event: 46.700 GC heap after
{Heap after GC invocations=66 (full 3):
 PSYoungGen      total 19456K, used 998K [0x00000000d5580000, 0x00000000d7c80000, 0x0000000100000000)
  eden space 18432K, 0% used [0x00000000d5580000,0x00000000d5580000,0x00000000d6780000)
  from space 1024K, 97% used [0x00000000d6780000,0x00000000d6879910,0x00000000d6880000)
  to   space 10752K, 0% used [0x00000000d7200000,0x00000000d7200000,0x00000000d7c80000)
 ParOldGen       total 81920K, used 81544K [0x0000000080000000, 0x0000000085000000, 0x00000000d5580000)
  object space 81920K, 99% used [0x0000000080000000,0x0000000084fa2240,0x0000000085000000)
 Metaspace       used 70656K, committed 72128K, reserved 1114112K
  class space    used 7366K, committed 7936K, reserved 1048576K
}
Event: 61.573 GC heap before
{Heap before GC invocations=67 (full 3):
 PSYoungGen      total 19456K, used 19430K [0x00000000d5580000, 0x00000000d7c80000, 0x0000000100000000)
  eden space 18432K, 100% used [0x00000000d5580000,0x00000000d6780000,0x00000000d6780000)
  from space 1024K, 97% used [0x00000000d6780000,0x00000000d6879910,0x00000000d6880000)
  to   space 10752K, 0% used [0x00000000d7200000,0x00000000d7200000,0x00000000d7c80000)
 ParOldGen       total 81920K, used 81544K [0x0000000080000000, 0x0000000085000000, 0x00000000d5580000)
  object space 81920K, 99% used [0x0000000080000000,0x0000000084fa2240,0x0000000085000000)
 Metaspace       used 71093K, committed 72576K, reserved 1114112K
  class space    used 7410K, committed 8000K, reserved 1048576K
}
Event: 61.574 GC heap after
{Heap after GC invocations=67 (full 3):
 PSYoungGen      total 19456K, used 576K [0x00000000d5580000, 0x00000000d7300000, 0x0000000100000000)
  eden space 18432K, 0% used [0x00000000d5580000,0x00000000d5580000,0x00000000d6780000)
  from space 1024K, 56% used [0x00000000d7200000,0x00000000d7290020,0x00000000d7300000)
  to   space 4096K, 0% used [0x00000000d6b00000,0x00000000d6b00000,0x00000000d6f00000)
 ParOldGen       total 82944K, used 82524K [0x0000000080000000, 0x0000000085100000, 0x00000000d5580000)
  object space 82944K, 99% used [0x0000000080000000,0x0000000085097120,0x0000000085100000)
 Metaspace       used 71093K, committed 72576K, reserved 1114112K
  class space    used 7410K, committed 8000K, reserved 1048576K
}

